<?xml version="1.0" encoding="UTF-8"?>
<!-- Generated by org.testng.reporters.JUnitReportReporter -->
<testsuite hostname="WIN-50DBKE12GTP" failures="0" tests="1" name="carinaimpl.LoginTest" time="11.376" errors="0" timestamp="2023-03-06T18:43:42 GET" skipped="0">
  <testcase classname="carinaimpl.LoginTest" name="loginTest" time="11.376"/>
  <system-out/>
</testsuite> <!-- carinaimpl.LoginTest -->
